/usr/lib/python3.5/importlib/_bootstrap.py:222: RuntimeWarning: numpy.dtype size changed, may indicate binary incompatibility. Expected 96, got 88
  return f(*args, **kwds)
/usr/lib/python3.5/importlib/_bootstrap.py:222: RuntimeWarning: numpy.dtype size changed, may indicate binary incompatibility. Expected 96, got 88
  return f(*args, **kwds)
/usr/lib/python3.5/importlib/_bootstrap.py:222: RuntimeWarning: numpy.dtype size changed, may indicate binary incompatibility. Expected 96, got 88
  return f(*args, **kwds)
/usr/lib/python3.5/importlib/_bootstrap.py:222: RuntimeWarning: numpy.dtype size changed, may indicate binary incompatibility. Expected 96, got 88
  return f(*args, **kwds)
Traceback (most recent call last):
  File "supervised-Copy1.py", line 85, in <module>
    S_lst = net(inputs)
  File "/home/runyuzhang333/.local/lib/python3.5/site-packages/torch/nn/modules/module.py", line 477, in __call__
    result = self.forward(*input, **kwargs)
  File "/home/runyuzhang333/Full-Backprop-Test-on-20-News-1/deep_nmf.py", line 51, in forward
    X = self.lsqnonneglst[i](X)
  File "/home/runyuzhang333/.local/lib/python3.5/site-packages/torch/nn/modules/module.py", line 477, in __call__
    result = self.forward(*input, **kwargs)
  File "/home/runyuzhang333/Full-Backprop-Test-on-20-News-1/lsqnonneg_module.py", line 150, in forward
    return LsqNonnegF.apply(input, self.A)
  File "/home/runyuzhang333/Full-Backprop-Test-on-20-News-1/lsqnonneg_module.py", line 37, in forward
    [output, res] = lsqnonneg_tensor_version(A.data.t(), input.data.t())
  File "/home/runyuzhang333/Full-Backprop-Test-on-20-News-1/lsqnonneg_module.py", line 77, in lsqnonneg_tensor_version
    [x, res] = nnls(C, d)
  File "/home/runyuzhang333/.local/lib/python3.5/site-packages/scipy/optimize/nnls.py", line 61, in nnls
    x, rnorm, mode = _nnls.nnls(A, m, n, b, w, zz, index, maxiter)
KeyboardInterrupt
